   ▲ Next.js 15.1.6
   - Environments: .env.local

   Creating an optimized production build ...
 ✓ Compiled successfully
   Linting and checking validity of types ...

./src/app/AppSidebar.tsx
16:3  Warning: 'SquareTerminal' is defined but never used.  @typescript-eslint/no-unused-vars

./src/app/admin/layout.tsx
9:28  Warning: '_tab' is defined but never used.  @typescript-eslint/no-unused-vars

./src/app/page.client.tsx
4:10  Warning: 'SidebarInset' is defined but never used.  @typescript-eslint/no-unused-vars

./src/components/ui/sidebar.tsx
19:48  Warning: 'side' is defined but never used.  @typescript-eslint/no-unused-vars
19:54  Warning: 'variant' is defined but never used.  @typescript-eslint/no-unused-vars
19:63  Warning: 'collapsible' is defined but never used.  @typescript-eslint/no-unused-vars
45:58  Warning: 'size' is defined but never used.  @typescript-eslint/no-unused-vars
45:64  Warning: 'tooltip' is defined but never used.  @typescript-eslint/no-unused-vars
67:50  Warning: 'asChild' is defined but never used.  @typescript-eslint/no-unused-vars
80:41  Warning: 'asChild' is defined but never used.  @typescript-eslint/no-unused-vars
80:50  Warning: 'defaultOpen' is defined but never used.  @typescript-eslint/no-unused-vars
83:38  Warning: 'asChild' is defined but never used.  @typescript-eslint/no-unused-vars

info  - Need to disable some ESLint rules? Learn more here: https://nextjs.org/docs/app/api-reference/config/eslint#disabling-rules
   Collecting page data ...
   Generating static pages (0/25) ...
   Generating static pages (6/25) 
   Generating static pages (12/25) 
   Generating static pages (18/25) 
 ✓ Generating static pages (25/25)
   Finalizing page optimization ...
   Collecting build traces ...

Route (app)                              Size     First Load JS
┌ ○ /                                    774 B           145 kB
├ ○ /_not-found                          980 B           106 kB
├ ƒ /admin                               3.74 kB         109 kB
├ ○ /admin/categories                    1.72 kB         116 kB
├ ƒ /admin/orders                        169 B           105 kB
├ ƒ /admin/pages                         169 B           105 kB
├ ○ /admin/pages/new                     1.72 kB         116 kB
├ ƒ /admin/posts                         169 B           105 kB
├ ○ /admin/posts/new                     1.72 kB         116 kB
├ ƒ /admin/products                      169 B           105 kB
├ ○ /admin/products/new                  1.75 kB         116 kB
├ ○ /admin/tags                          1.72 kB         116 kB
├ ƒ /api/auth/[...nextauth]              169 B           105 kB
├ ƒ /api/blog_tags                       169 B           105 kB
├ ƒ /api/categories                      169 B           105 kB
├ ƒ /api/dev/verify-db                   169 B           105 kB
├ ƒ /api/orders                          169 B           105 kB
├ ƒ /api/pages                           169 B           105 kB
├ ƒ /api/posts                           169 B           105 kB
├ ƒ /api/product_categories              169 B           105 kB
├ ƒ /api/product_variants                169 B           105 kB
├ ƒ /api/products                        169 B           105 kB
└ ○ /auth/signin                         2.86 kB         108 kB
+ First Load JS shared by all            105 kB
  ├ chunks/70cf0ddd-c5314695622c22a3.js  52.9 kB
  ├ chunks/811-ca99d5d586dadd8a.js       50.5 kB
  └ other shared chunks (total)          1.88 kB


ƒ Middleware                             43.1 kB

○  (Static)   prerendered as static content
ƒ  (Dynamic)  server-rendered on demand

